e:\с++\restool\restool\release\restool.pch
e:\с++\restool\restool\release\vc143.pdb
e:\с++\restool\restool\release\stdafx.obj
e:\с++\restool\restool\release\restool.obj
e:\с++\restool\restool\release\spritetypeparser.obj
e:\с++\restool\restool\release\spriteclassparser.obj
e:\с++\restool\restool\release\defaultbehaveparser.obj
e:\с++\restool\restool\release\nweaponpropertyparser.obj
e:\с++\restool\restool\release\sfxpropertyparser.obj
e:\с++\restool\restool\release\objectspropertyparser.obj
e:\с++\restool\release\restool.exe
e:\с++\restool\restool\release\restool.ipdb
e:\с++\restool\restool\release\restool.iobj
e:\с++\restool\release\restool.pdb
e:\с++\restool\restool\release\restool.tlog\cl.command.1.tlog
e:\с++\restool\restool\release\restool.tlog\cl.read.1.tlog
e:\с++\restool\restool\release\restool.tlog\cl.write.1.tlog
e:\с++\restool\restool\release\restool.tlog\link.command.1.tlog
e:\с++\restool\restool\release\restool.tlog\link.read.1.tlog
e:\с++\restool\restool\release\restool.tlog\link.write.1.tlog
